[2026-01-10 17:20:56] 136 root - INFO - MODEL TRAINING PIPELINE STARTED
[2026-01-10 17:20:56] 44 root - INFO - Entered the data ingestion method or component
[2026-01-10 17:20:56] 49 root - INFO - Read the dataset as dataframe with shape: (1000, 8)
[2026-01-10 17:20:56] 56 root - INFO - Raw dataset saved to: artifacts\data.csv
[2026-01-10 17:20:56] 59 root - INFO - Train test split initiated
[2026-01-10 17:20:56] 68 root - INFO - Data ingestion completed successfully
[2026-01-10 17:20:56] 69 root - INFO - Train dataset shape: (800, 8), saved to: artifacts\train.csv
[2026-01-10 17:20:56] 70 root - INFO - Test dataset shape: (200, 8), saved to: artifacts\test.csv
[2026-01-10 17:20:56] 108 root - INFO - Read train and test data completed
[2026-01-10 17:20:56] 109 root - INFO - Train shape: (800, 8), Test shape: (200, 8)
[2026-01-10 17:20:56] 111 root - INFO - Obtaining preprocessing object
[2026-01-10 17:20:56] 54 root - INFO - Categorical columns: ['gender', 'race_ethnicity', 'parental_level_of_education', 'lunch', 'test_preparation_course']
[2026-01-10 17:20:56] 55 root - INFO - Numerical columns: ['writing_score', 'reading_score']
[2026-01-10 17:20:56] 124 root - INFO - Applying preprocessing object on training and testing dataframes
[2026-01-10 17:20:56] 130 root - INFO - Train features shape: (800, 19)
[2026-01-10 17:20:56] 131 root - INFO - Test features shape: (200, 19)
[2026-01-10 17:20:56] 138 root - INFO - Saving preprocessing object at: artifacts\preprocessor.pkl
[2026-01-10 17:20:56] 33 root - INFO - Saving object to: artifacts\preprocessor.pkl
[2026-01-10 17:20:56] 39 root - INFO - Object saved successfully: artifacts\preprocessor.pkl
[2026-01-10 17:20:56] 43 root - INFO - Model training started
[2026-01-10 17:20:56] 49 root - INFO - Train shape: X=(800, 19), y=(800,)
[2026-01-10 17:20:56] 50 root - INFO - Test shape: X=(200, 19), y=(200,)
[2026-01-10 17:20:56] 85 root - INFO - Evaluating sklearn models with hyperparameter tuning
[2026-01-10 17:20:56] 79 root - INFO - Evaluating 6 models...
[2026-01-10 17:20:56] 84 root - INFO - Training Random Forest...
[2026-01-10 17:20:56] 88 root - INFO - Hyperparameter tuning for Random Forest: 1 params
[2026-01-10 17:21:02] 95 root - INFO - Best params for Random Forest: {'n_estimators': 256}
[2026-01-10 17:21:03] 108 root - INFO - Random Forest \u2192 Test R²: 0.8518
[2026-01-10 17:21:03] 84 root - INFO - Training Decision Tree...
[2026-01-10 17:21:03] 88 root - INFO - Hyperparameter tuning for Decision Tree: 1 params
[2026-01-10 17:21:03] 95 root - INFO - Best params for Decision Tree: {'criterion': 'poisson'}
[2026-01-10 17:21:03] 108 root - INFO - Decision Tree \u2192 Test R²: 0.7277
[2026-01-10 17:21:03] 84 root - INFO - Training Gradient Boosting...
[2026-01-10 17:21:03] 88 root - INFO - Hyperparameter tuning for Gradient Boosting: 3 params
[2026-01-10 17:21:08] 95 root - INFO - Best params for Gradient Boosting: {'learning_rate': 0.05, 'n_estimators': 128, 'subsample': 0.75}
[2026-01-10 17:21:08] 108 root - INFO - Gradient Boosting \u2192 Test R²: 0.8749
[2026-01-10 17:21:08] 84 root - INFO - Training Linear Regression...
[2026-01-10 17:21:08] 98 root - INFO - No hyperparameter tuning for Linear Regression
[2026-01-10 17:21:08] 108 root - INFO - Linear Regression \u2192 Test R²: 0.8804
[2026-01-10 17:21:08] 84 root - INFO - Training XGBRegressor...
[2026-01-10 17:21:08] 88 root - INFO - Hyperparameter tuning for XGBRegressor: 2 params
[2026-01-10 17:21:08] 95 root - INFO - Best params for XGBRegressor: {'learning_rate': 0.05, 'n_estimators': 64}
[2026-01-10 17:21:08] 108 root - INFO - XGBRegressor \u2192 Test R²: 0.8492
[2026-01-10 17:21:08] 84 root - INFO - Training AdaBoost Regressor...
[2026-01-10 17:21:08] 88 root - INFO - Hyperparameter tuning for AdaBoost Regressor: 2 params
[2026-01-10 17:21:10] 95 root - INFO - Best params for AdaBoost Regressor: {'learning_rate': 0.5, 'n_estimators': 256}
[2026-01-10 17:21:10] 108 root - INFO - AdaBoost Regressor \u2192 Test R²: 0.8475
[2026-01-10 17:21:10] 115 root - INFO - Model evaluation complete. Best: Linear Regression (R²=0.8804)
[2026-01-10 17:21:10] 91 root - INFO - Sklearn model evaluation completed: {'Random Forest': 0.8518060178218065, 'Decision Tree': 0.7276632048209407, 'Gradient Boosting': 0.874921915910295, 'Linear Regression': 0.8804332983749565, 'XGBRegressor': 0.8492434722253639, 'AdaBoost Regressor': 0.84754241877683}
[2026-01-10 17:21:10] 94 root - INFO - Training CatBoost Regressor separately
[2026-01-10 17:21:11] 100 root - INFO - CatBoost R² score: 0.8012
[2026-01-10 17:21:11] 115 root - INFO - Best model: Linear Regression | R²: 0.8804
[2026-01-10 17:21:11] 33 root - INFO - Saving object to: artifacts\model.pkl
[2026-01-10 17:21:11] 39 root - INFO - Object saved successfully: artifacts\model.pkl
[2026-01-10 17:21:11] 123 root - INFO - Model saved at: artifacts\model.pkl
[2026-01-10 17:21:11] 149 root - INFO - MODEL TRAINING COMPLETED | Final R² Score: 0.8804
